<?xml version="1.0" encoding="UTF-8"?>
<testsuite name="MatrixTest" tests="3" skipped="0" failures="0" errors="0" timestamp="2017-11-14T15:02:47" hostname="DESKTOP-OME40IK" time="0.002">
  <properties/>
  <testcase name="doRowsGrow" classname="MatrixTest" time="0.0"/>
  <testcase name="print" classname="MatrixTest" time="0.001"/>
  <testcase name="solveExpression" classname="MatrixTest" time="0.0"/>
  <system-out><![CDATA[]]></system-out>
  <system-err><![CDATA[]]></system-err>
</testsuite>
