<?xml version="1.0" encoding="UTF-8"?>
<testsuite name="ArrayTest" tests="7" skipped="0" failures="0" errors="0" timestamp="2017-11-14T15:02:47" hostname="DESKTOP-OME40IK" time="0.009">
  <properties/>
  <testcase name="sumOfNegative" classname="ArrayTest" time="0.001"/>
  <testcase name="getInputNumber" classname="ArrayTest" time="0.0"/>
  <testcase name="sumElementsIndexIsMultiple3" classname="ArrayTest" time="0.001"/>
  <testcase name="countPositive" classname="ArrayTest" time="0.001"/>
  <testcase name="productLargestSmallestElements" classname="ArrayTest" time="0.001"/>
  <testcase name="sum" classname="ArrayTest" time="0.0"/>
  <testcase name="getMaxMin" classname="ArrayTest" time="0.001"/>
  <system-out><![CDATA[]]></system-out>
  <system-err><![CDATA[]]></system-err>
</testsuite>
