<?xml version="1.0" encoding="UTF-8"?>
<testsuite name="HelloWorldTest" tests="2" skipped="0" failures="0" errors="0" timestamp="2017-11-14T14:49:50" hostname="DESKTOP-OME40IK" time="0.005">
  <properties/>
  <testcase name="main" classname="HelloWorldTest" time="0.002"/>
  <testcase name="print" classname="HelloWorldTest" time="0.002"/>
  <system-out><![CDATA[]]></system-out>
  <system-err><![CDATA[]]></system-err>
</testsuite>
